{"/Users/macbookair/Desktop/Character-PersAJS/src/index.js": {"path":"/Users/macbookair/Desktop/Character-PersAJS/src/index.js","statementMap":{"0":{"start":{"line":3,"column":2},"end":{"line":5,"column":3}},"1":{"start":{"line":4,"column":3},"end":{"line":4,"column":66}},"2":{"start":{"line":7,"column":2},"end":{"line":7,"column":19}},"3":{"start":{"line":8,"column":2},"end":{"line":8,"column":19}},"4":{"start":{"line":9,"column":2},"end":{"line":9,"column":20}},"5":{"start":{"line":10,"column":2},"end":{"line":10,"column":17}},"6":{"start":{"line":14,"column":2},"end":{"line":21,"column":3}},"7":{"start":{"line":15,"column":3},"end":{"line":15,"column":19}},"8":{"start":{"line":16,"column":3},"end":{"line":16,"column":21}},"9":{"start":{"line":17,"column":3},"end":{"line":17,"column":48}},"10":{"start":{"line":18,"column":3},"end":{"line":18,"column":50}},"11":{"start":{"line":20,"column":3},"end":{"line":20,"column":55}},"12":{"start":{"line":25,"column":2},"end":{"line":27,"column":3}},"13":{"start":{"line":26,"column":3},"end":{"line":26,"column":66}},"14":{"start":{"line":29,"column":23},"end":{"line":29,"column":56}},"15":{"start":{"line":30,"column":2},"end":{"line":30,"column":30}},"16":{"start":{"line":32,"column":2},"end":{"line":34,"column":3}},"17":{"start":{"line":33,"column":3},"end":{"line":33,"column":19}},"18":{"start":{"line":40,"column":2},"end":{"line":40,"column":26}},"19":{"start":{"line":41,"column":2},"end":{"line":41,"column":19}},"20":{"start":{"line":42,"column":2},"end":{"line":42,"column":20}},"21":{"start":{"line":48,"column":2},"end":{"line":48,"column":27}},"22":{"start":{"line":49,"column":2},"end":{"line":49,"column":19}},"23":{"start":{"line":50,"column":2},"end":{"line":50,"column":20}},"24":{"start":{"line":56,"column":2},"end":{"line":56,"column":26}},"25":{"start":{"line":57,"column":2},"end":{"line":57,"column":19}},"26":{"start":{"line":58,"column":2},"end":{"line":58,"column":20}},"27":{"start":{"line":64,"column":2},"end":{"line":64,"column":24}},"28":{"start":{"line":65,"column":2},"end":{"line":65,"column":19}},"29":{"start":{"line":66,"column":2},"end":{"line":66,"column":20}},"30":{"start":{"line":72,"column":2},"end":{"line":72,"column":24}},"31":{"start":{"line":73,"column":2},"end":{"line":73,"column":19}},"32":{"start":{"line":74,"column":2},"end":{"line":74,"column":20}},"33":{"start":{"line":80,"column":2},"end":{"line":80,"column":24}},"34":{"start":{"line":81,"column":2},"end":{"line":81,"column":19}},"35":{"start":{"line":82,"column":2},"end":{"line":82,"column":20}}},"fnMap":{"0":{"name":"(anonymous_0)","decl":{"start":{"line":2,"column":1},"end":{"line":2,"column":2}},"loc":{"start":{"line":2,"column":25},"end":{"line":11,"column":2}},"line":2},"1":{"name":"(anonymous_1)","decl":{"start":{"line":13,"column":1},"end":{"line":13,"column":2}},"loc":{"start":{"line":13,"column":11},"end":{"line":22,"column":2}},"line":13},"2":{"name":"(anonymous_2)","decl":{"start":{"line":24,"column":1},"end":{"line":24,"column":2}},"loc":{"start":{"line":24,"column":16},"end":{"line":35,"column":2}},"line":24},"3":{"name":"(anonymous_3)","decl":{"start":{"line":39,"column":1},"end":{"line":39,"column":2}},"loc":{"start":{"line":39,"column":19},"end":{"line":43,"column":2}},"line":39},"4":{"name":"(anonymous_4)","decl":{"start":{"line":47,"column":1},"end":{"line":47,"column":2}},"loc":{"start":{"line":47,"column":19},"end":{"line":51,"column":2}},"line":47},"5":{"name":"(anonymous_5)","decl":{"start":{"line":55,"column":1},"end":{"line":55,"column":2}},"loc":{"start":{"line":55,"column":19},"end":{"line":59,"column":2}},"line":55},"6":{"name":"(anonymous_6)","decl":{"start":{"line":63,"column":1},"end":{"line":63,"column":2}},"loc":{"start":{"line":63,"column":19},"end":{"line":67,"column":2}},"line":63},"7":{"name":"(anonymous_7)","decl":{"start":{"line":71,"column":1},"end":{"line":71,"column":2}},"loc":{"start":{"line":71,"column":19},"end":{"line":75,"column":2}},"line":71},"8":{"name":"(anonymous_8)","decl":{"start":{"line":79,"column":1},"end":{"line":79,"column":2}},"loc":{"start":{"line":79,"column":19},"end":{"line":83,"column":2}},"line":79}},"branchMap":{"0":{"loc":{"start":{"line":3,"column":2},"end":{"line":5,"column":3}},"type":"if","locations":[{"start":{"line":3,"column":2},"end":{"line":5,"column":3}},{"start":{},"end":{}}],"line":3},"1":{"loc":{"start":{"line":3,"column":6},"end":{"line":3,"column":69}},"type":"binary-expr","locations":[{"start":{"line":3,"column":6},"end":{"line":3,"column":30}},{"start":{"line":3,"column":34},"end":{"line":3,"column":49}},{"start":{"line":3,"column":53},"end":{"line":3,"column":69}}],"line":3},"2":{"loc":{"start":{"line":14,"column":2},"end":{"line":21,"column":3}},"type":"if","locations":[{"start":{"line":14,"column":2},"end":{"line":21,"column":3}},{"start":{"line":19,"column":9},"end":{"line":21,"column":3}}],"line":14},"3":{"loc":{"start":{"line":25,"column":2},"end":{"line":27,"column":3}},"type":"if","locations":[{"start":{"line":25,"column":2},"end":{"line":27,"column":3}},{"start":{},"end":{}}],"line":25},"4":{"loc":{"start":{"line":25,"column":6},"end":{"line":25,"column":46}},"type":"binary-expr","locations":[{"start":{"line":25,"column":6},"end":{"line":25,"column":32}},{"start":{"line":25,"column":36},"end":{"line":25,"column":46}}],"line":25},"5":{"loc":{"start":{"line":32,"column":2},"end":{"line":34,"column":3}},"type":"if","locations":[{"start":{"line":32,"column":2},"end":{"line":34,"column":3}},{"start":{},"end":{}}],"line":32}},"s":{"0":17,"1":5,"2":12,"3":12,"4":12,"5":12,"6":2,"7":1,"8":1,"9":1,"10":1,"11":1,"12":4,"13":2,"14":2,"15":2,"16":2,"17":1,"18":1,"19":1,"20":1,"21":6,"22":6,"23":6,"24":1,"25":1,"26":1,"27":1,"28":1,"29":1,"30":1,"31":1,"32":1,"33":1,"34":1,"35":1},"f":{"0":17,"1":2,"2":4,"3":1,"4":6,"5":1,"6":1,"7":1,"8":1},"b":{"0":[5,12],"1":[17,16,13],"2":[1,1],"3":[2,2],"4":[4,3],"5":[1,1]},"_coverageSchema":"1a1c01bbd47fc00a2c39e90264f33305004495a9","hash":"18574bc74b3523c97d0c846adfd1f604c818296e"}
}
