TN:
SF:src/class/Daemon.js
FN:4,(anonymous_0)
FNF:1
FNH:1
FNDA:5,(anonymous_0)
DA:5,5
DA:6,2
DA:7,2
LF:3
LH:3
BRDA:4,0,0,1
BRF:1
BRH:1
end_of_record
TN:
SF:src/class/Magician.js
FN:4,(anonymous_0)
FNF:1
FNH:1
FNDA:2,(anonymous_0)
DA:5,2
DA:6,2
DA:7,2
LF:3
LH:3
BRDA:4,0,0,1
BRF:1
BRH:1
end_of_record
TN:
SF:src/class/Swordsman.js
FN:4,(anonymous_0)
FNF:1
FNH:1
FNDA:7,(anonymous_0)
DA:5,7
DA:6,7
DA:7,7
LF:3
LH:3
BRDA:4,0,0,6
BRF:1
BRH:1
end_of_record
TN:
SF:src/class/Undead.js
FN:4,(anonymous_0)
FNF:1
FNH:1
FNDA:2,(anonymous_0)
DA:5,2
DA:6,2
DA:7,2
LF:3
LH:3
BRDA:4,0,0,1
BRF:1
BRH:1
end_of_record
TN:
SF:src/class/Zombie.js
FN:4,(anonymous_0)
FNF:1
FNH:1
FNDA:2,(anonymous_0)
DA:5,2
DA:6,2
DA:7,2
LF:3
LH:3
BRDA:4,0,0,1
BRF:1
BRH:1
end_of_record
TN:
SF:src/class/bowerman.js
FN:4,(anonymous_0)
FNF:1
FNH:1
FNDA:2,(anonymous_0)
DA:5,2
DA:6,2
DA:7,2
LF:3
LH:3
BRDA:4,0,0,1
BRF:1
BRH:1
end_of_record
TN:
SF:src/class/personality.js
FN:4,(anonymous_0)
FN:23,(anonymous_1)
FN:34,(anonymous_2)
FNF:3
FNH:3
FNDA:20,(anonymous_0)
FNDA:2,(anonymous_1)
FNDA:4,(anonymous_2)
DA:1,7
DA:5,20
DA:6,2
DA:8,18
DA:11,18
DA:12,1
DA:14,17
DA:17,17
DA:18,17
DA:19,17
DA:20,17
DA:24,2
DA:25,1
DA:26,1
DA:27,1
DA:28,1
DA:30,1
DA:35,4
DA:36,2
DA:39,2
DA:40,2
DA:42,2
DA:43,1
LF:23
LH:23
BRDA:5,0,0,2
BRDA:5,0,1,18
BRDA:5,1,0,20
BRDA:5,1,1,20
BRDA:5,1,2,19
BRDA:11,2,0,1
BRDA:11,2,1,17
BRDA:11,3,0,18
BRDA:11,3,1,18
BRDA:24,4,0,1
BRDA:24,4,1,1
BRDA:35,5,0,2
BRDA:35,5,1,2
BRDA:35,6,0,4
BRDA:35,6,1,3
BRDA:42,7,0,1
BRDA:42,7,1,1
BRF:17
BRH:17
end_of_record
