TN:
SF:src/index.js
FN:2,(anonymous_0)
FN:13,(anonymous_1)
FN:24,(anonymous_2)
FN:39,(anonymous_3)
FN:47,(anonymous_4)
FN:55,(anonymous_5)
FN:63,(anonymous_6)
FN:71,(anonymous_7)
FN:79,(anonymous_8)
FNF:9
FNH:9
FNDA:17,(anonymous_0)
FNDA:2,(anonymous_1)
FNDA:4,(anonymous_2)
FNDA:1,(anonymous_3)
FNDA:6,(anonymous_4)
FNDA:1,(anonymous_5)
FNDA:1,(anonymous_6)
FNDA:1,(anonymous_7)
FNDA:1,(anonymous_8)
DA:3,17
DA:4,5
DA:7,12
DA:8,12
DA:9,12
DA:10,12
DA:14,2
DA:15,1
DA:16,1
DA:17,1
DA:18,1
DA:20,1
DA:25,4
DA:26,2
DA:29,2
DA:30,2
DA:32,2
DA:33,1
DA:40,1
DA:41,1
DA:42,1
DA:48,6
DA:49,6
DA:50,6
DA:56,1
DA:57,1
DA:58,1
DA:64,1
DA:65,1
DA:66,1
DA:72,1
DA:73,1
DA:74,1
DA:80,1
DA:81,1
DA:82,1
LF:36
LH:36
BRDA:3,0,0,5
BRDA:3,0,1,12
BRDA:3,1,0,17
BRDA:3,1,1,16
BRDA:3,1,2,13
BRDA:14,2,0,1
BRDA:14,2,1,1
BRDA:25,3,0,2
BRDA:25,3,1,2
BRDA:25,4,0,4
BRDA:25,4,1,3
BRDA:32,5,0,1
BRDA:32,5,1,1
BRF:13
BRH:13
end_of_record
